{
  "RSpec": {
    "coverage": {
      "/home/danielvec/repos/private-events/app/models/user.rb": {
        "lines": [
          1,
          null,
          null,
          1,
          null,
          null,
          1,
          1,
          1,
          null
        ]
      },
      "/home/danielvec/repos/private-events/app/models/application_record.rb": {
        "lines": [
          1,
          1,
          null
        ]
      },
      "/home/danielvec/repos/private-events/app/helpers/application_helper.rb": {
        "lines": [
          1,
          null
        ]
      },
      "/home/danielvec/repos/private-events/app/helpers/event_attendings_helper.rb": {
        "lines": [
          1,
          null
        ]
      },
      "/home/danielvec/repos/private-events/app/helpers/events_helper.rb": {
        "lines": [
          1,
          null
        ]
      },
      "/home/danielvec/repos/private-events/app/helpers/users_helper.rb": {
        "lines": [
          1,
          null
        ]
      },
      "/home/danielvec/repos/private-events/app/models/event.rb": {
        "lines": [
          1,
          1,
          1,
          1,
          1,
          null,
          3,
          3,
          null,
          1,
          1,
          1,
          null
        ]
      },
      "/home/danielvec/repos/private-events/app/controllers/events_controller.rb": {
        "lines": [
          1,
          1,
          null,
          1,
          2,
          null,
          null,
          1,
          7,
          null,
          null,
          1,
          2,
          null,
          null,
          1,
          1,
          null,
          1,
          1,
          null,
          0,
          null,
          null,
          null,
          1,
          1,
          null,
          null,
          1,
          1,
          null,
          1,
          1,
          null,
          0,
          null,
          null,
          null,
          1,
          1,
          1,
          null,
          1,
          null,
          null,
          1,
          1,
          2,
          null,
          null
        ]
      },
      "/home/danielvec/repos/private-events/app/controllers/application_controller.rb": {
        "lines": [
          1,
          null
        ]
      },
      "/home/danielvec/repos/private-events/app/models/event_attending.rb": {
        "lines": [
          1,
          1,
          1,
          null
        ]
      },
      "/home/danielvec/repos/private-events/app/controllers/event_attendings_controller.rb": {
        "lines": [
          1,
          1,
          2,
          2,
          2,
          null,
          null,
          1,
          1,
          1,
          1,
          1,
          null,
          null
        ]
      },
      "/home/danielvec/repos/private-events/app/controllers/users_controller.rb": {
        "lines": [
          1,
          1,
          1,
          null,
          null
        ]
      },
      "/home/danielvec/repos/private-events/app/channels/application_cable/channel.rb": {
        "lines": [
          0,
          0,
          0,
          0
        ],
        "branches": {
        }
      },
      "/home/danielvec/repos/private-events/app/channels/application_cable/connection.rb": {
        "lines": [
          0,
          0,
          0,
          0
        ],
        "branches": {
        }
      },
      "/home/danielvec/repos/private-events/app/jobs/application_job.rb": {
        "lines": [
          0,
          null,
          null,
          null,
          null,
          null,
          0
        ],
        "branches": {
        }
      },
      "/home/danielvec/repos/private-events/app/mailers/application_mailer.rb": {
        "lines": [
          0,
          0,
          0,
          0
        ],
        "branches": {
        }
      }
    },
    "timestamp": 1674529517
  }
}
